<?xml version="1.0" encoding="UTF-8"?>
<!-- Generated by org.testng.reporters.JUnitReportReporter -->
<testsuite skipped="0" hostname="LAPTOP-BKSODKPH" name="com.org.TestCase.TestCase2" tests="2" failures="0" timestamp="02 Jul 2020 07:42:51 GMT" time="0.012" errors="0">
  <testcase name="negate" time="0.001" classname="com.org.TestCase.TestCase2"/>
  <testcase name="multiplication" time="0.011" classname="com.org.TestCase.TestCase2"/>
</testsuite> <!-- com.org.TestCase.TestCase2 -->
