<?xml version="1.0" encoding="UTF-8"?>
<!-- Generated by org.testng.reporters.JUnitReportReporter -->
<testsuite skipped="0" hostname="LAPTOP-BKSODKPH" name="com.org.TestCase.TestCase" tests="3" failures="0" timestamp="02 Jul 2020 07:33:49 GMT" time="0.011" errors="0">
  <testcase name="negate" time="0.001" classname="com.org.TestCase.TestCase"/>
  <testcase name="Subtraction" time="0.009" classname="com.org.TestCase.TestCase"/>
  <testcase name="multiplication" time="0.001" classname="com.org.TestCase.TestCase"/>
</testsuite> <!-- com.org.TestCase.TestCase -->
