<?xml version="1.0" encoding="UTF-8"?>
<!-- Generated by org.testng.reporters.JUnitReportReporter -->
<testsuite skipped="0" hostname="LAPTOP-BKSODKPH" name="com.org.TestCase.TestCase1" tests="1" failures="0" timestamp="02 Jul 2020 07:42:51 GMT" time="0.011" errors="0">
  <testcase name="Subtraction" time="0.011" classname="com.org.TestCase.TestCase1"/>
</testsuite> <!-- com.org.TestCase.TestCase1 -->
